GAS LISTING /tmp/ccCtbbri.s 			page 1


   1              		.file	"main.cpp"
   2              		.option pic
   3              		.option norelax
   4              		.text
   5              	.Ltext0:
   6              		.section	.rodata.str1.8,"aMS",@progbits,1
   7              		.align	3
   8              	.LC0:
   9 0000 0A00     		.string	"\n"
  10              		.text
  11              		.align	2
  12              		.globl	main
  14              	main:
  15              	.LFB0:
  16              		.file 1 "src/main.cpp"
   1:src/main.cpp  **** #include "../h/MemoryAllocator.hpp"
   2:src/main.cpp  **** #include "../h/print.hpp"
   3:src/main.cpp  **** int main()
   4:src/main.cpp  **** {
  17              		.loc 1 4 1
  18              		.cfi_startproc
  19 0000 130101FF 		addi	sp,sp,-16
  20              		.cfi_def_cfa_offset 16
  21 0004 23341100 		sd	ra,8(sp)
  22 0008 23308100 		sd	s0,0(sp)
  23              		.cfi_offset 1, -8
  24              		.cfi_offset 8, -16
  25 000c 13040101 		addi	s0,sp,16
  26              		.cfi_def_cfa 8, 0
   5:src/main.cpp  ****     MemoryAllocator::getInstance();
  27              		.loc 1 5 5
  28              		.loc 1 5 34 is_stmt 0
  29 0010 97000000 		call	_ZN15MemoryAllocator11getInstanceEv@plt
  29      E7800000 
  30              	.LVL0:
   6:src/main.cpp  ****     printInteger(sizeof(MemoryAllocator::BlockHeader));
  31              		.loc 1 6 5 is_stmt 1
  32              		.loc 1 6 17 is_stmt 0
  33 0018 13058001 		li	a0,24
  34 001c 97000000 		call	_Z12printIntegerm@plt
  34      E7800000 
  35              	.LVL1:
   7:src/main.cpp  ****     printString("\n");
  36              		.loc 1 7 5 is_stmt 1
  37              		.loc 1 7 16 is_stmt 0
  38 0024 17050000 		lla	a0,.LC0
  38      13050500 
  39 002c 97000000 		call	_Z11printStringPKc@plt
  39      E7800000 
  40              	.LVL2:
   8:src/main.cpp  ****     printInteger(sizeof(MemoryAllocator));
  41              		.loc 1 8 5 is_stmt 1
  42              		.loc 1 8 17 is_stmt 0
  43 0034 13051000 		li	a0,1
  44 0038 97000000 		call	_Z12printIntegerm@plt
  44      E7800000 
  45              	.LVL3:
GAS LISTING /tmp/ccCtbbri.s 			page 2


   9:src/main.cpp  ****     printString("\n");
  46              		.loc 1 9 5 is_stmt 1
  47              		.loc 1 9 16 is_stmt 0
  48 0040 17050000 		lla	a0,.LC0
  48      13050500 
  49 0048 97000000 		call	_Z11printStringPKc@plt
  49      E7800000 
  50              	.LVL4:
  10:src/main.cpp  ****     return 0;
  51              		.loc 1 10 5 is_stmt 1
  11:src/main.cpp  **** }...
  52              		.loc 1 11 1 is_stmt 0
  53 0050 13050000 		li	a0,0
  54 0054 83308100 		ld	ra,8(sp)
  55              		.cfi_restore 1
  56 0058 03340100 		ld	s0,0(sp)
  57              		.cfi_restore 8
  58              		.cfi_def_cfa 2, 16
  59 005c 13010101 		addi	sp,sp,16
  60              		.cfi_def_cfa_offset 0
  61 0060 67800000 		jr	ra
  62              		.cfi_endproc
  63              	.LFE0:
  65              	.Letext0:
  66              		.file 2 "src/../h/../lib/hw.h"
  67              		.file 3 "src/../h/MemoryAllocator.hpp"
  68              		.file 4 "src/../h/print.hpp"
GAS LISTING /tmp/ccCtbbri.s 			page 3


DEFINED SYMBOLS
                            *ABS*:0000000000000000 main.cpp
     /tmp/ccCtbbri.s:14     .text:0000000000000000 main
     /tmp/ccCtbbri.s:18     .text:0000000000000000 .L0 
     /tmp/ccCtbbri.s:19     .text:0000000000000000 .L0 
     /tmp/ccCtbbri.s:20     .text:0000000000000004 .L0 
     /tmp/ccCtbbri.s:23     .text:000000000000000c .L0 
     /tmp/ccCtbbri.s:24     .text:000000000000000c .L0 
     /tmp/ccCtbbri.s:26     .text:0000000000000010 .L0 
     /tmp/ccCtbbri.s:28     .text:0000000000000010 .L0 
     /tmp/ccCtbbri.s:29     .text:0000000000000010 .L0 
     /tmp/ccCtbbri.s:32     .text:0000000000000018 .L0 
     /tmp/ccCtbbri.s:33     .text:0000000000000018 .L0 
     /tmp/ccCtbbri.s:37     .text:0000000000000024 .L0 
     /tmp/ccCtbbri.s:38     .text:0000000000000024 .L0 
     /tmp/ccCtbbri.s:42     .text:0000000000000034 .L0 
     /tmp/ccCtbbri.s:43     .text:0000000000000034 .L0 
     /tmp/ccCtbbri.s:47     .text:0000000000000040 .L0 
     /tmp/ccCtbbri.s:48     .text:0000000000000040 .L0 
     /tmp/ccCtbbri.s:52     .text:0000000000000050 .L0 
     /tmp/ccCtbbri.s:53     .text:0000000000000050 .L0 
     /tmp/ccCtbbri.s:55     .text:0000000000000058 .L0 
     /tmp/ccCtbbri.s:57     .text:000000000000005c .L0 
     /tmp/ccCtbbri.s:58     .text:000000000000005c .L0 
     /tmp/ccCtbbri.s:60     .text:0000000000000060 .L0 
     /tmp/ccCtbbri.s:62     .text:0000000000000064 .L0 
     /tmp/ccCtbbri.s:69     .text:0000000000000064 .L0 
     /tmp/ccCtbbri.s:8      .rodata.str1.8:0000000000000000 .LC0
     /tmp/ccCtbbri.s:38     .text:0000000000000024 .L0 
     /tmp/ccCtbbri.s:48     .text:0000000000000040 .L0 
     /tmp/ccCtbbri.s:429    .debug_abbrev:0000000000000000 .Ldebug_abbrev0
     /tmp/ccCtbbri.s:942    .debug_str:000000000000017f .LASF42
     /tmp/ccCtbbri.s:952    .debug_str:0000000000000280 .LASF43
     /tmp/ccCtbbri.s:972    .debug_str:000000000000033d .LASF44
     /tmp/ccCtbbri.s:5      .text:0000000000000000 .Ltext0
     /tmp/ccCtbbri.s:65     .text:0000000000000064 .Letext0
     /tmp/ccCtbbri.s:900    .debug_line:0000000000000000 .Ldebug_line0
     /tmp/ccCtbbri.s:954    .debug_str:000000000000028d .LASF0
     /tmp/ccCtbbri.s:938    .debug_str:0000000000000160 .LASF1
     /tmp/ccCtbbri.s:932    .debug_str:0000000000000135 .LASF2
     /tmp/ccCtbbri.s:918    .debug_str:0000000000000085 .LASF4
     /tmp/ccCtbbri.s:936    .debug_str:000000000000014e .LASF3
     /tmp/ccCtbbri.s:906    .debug_str:0000000000000023 .LASF5
     /tmp/ccCtbbri.s:902    .debug_str:0000000000000000 .LASF6
     /tmp/ccCtbbri.s:926    .debug_str:0000000000000100 .LASF7
     /tmp/ccCtbbri.s:966    .debug_str:000000000000030b .LASF8
     /tmp/ccCtbbri.s:916    .debug_str:0000000000000077 .LASF9
     /tmp/ccCtbbri.s:998    .debug_str:000000000000045d .LASF10
     /tmp/ccCtbbri.s:928    .debug_str:0000000000000113 .LASF11
     /tmp/ccCtbbri.s:982    .debug_str:00000000000003a9 .LASF12
     /tmp/ccCtbbri.s:960    .debug_str:00000000000002ca .LASF13
     /tmp/ccCtbbri.s:940    .debug_str:0000000000000173 .LASF14
     /tmp/ccCtbbri.s:920    .debug_str:000000000000008c .LASF15
     /tmp/ccCtbbri.s:968    .debug_str:000000000000031b .LASF16
     /tmp/ccCtbbri.s:904    .debug_str:0000000000000013 .LASF24
     /tmp/ccCtbbri.s:948    .debug_str:0000000000000261 .LASF45
     /tmp/ccCtbbri.s:908    .debug_str:000000000000002a .LASF17
GAS LISTING /tmp/ccCtbbri.s 			page 4


     /tmp/ccCtbbri.s:994    .debug_str:000000000000044c .LASF18
     /tmp/ccCtbbri.s:990    .debug_str:0000000000000437 .LASF19
     /tmp/ccCtbbri.s:970    .debug_str:0000000000000331 .LASF46
     /tmp/ccCtbbri.s:962    .debug_str:00000000000002da .LASF47
     /tmp/ccCtbbri.s:988    .debug_str:000000000000042b .LASF20
     /tmp/ccCtbbri.s:924    .debug_str:00000000000000dc .LASF22
     /tmp/ccCtbbri.s:934    .debug_str:0000000000000143 .LASF21
     /tmp/ccCtbbri.s:958    .debug_str:00000000000002a6 .LASF23
     /tmp/ccCtbbri.s:946    .debug_str:0000000000000248 .LASF25
     /tmp/ccCtbbri.s:956    .debug_str:000000000000029a .LASF26
     /tmp/ccCtbbri.s:974    .debug_str:000000000000035b .LASF27
     /tmp/ccCtbbri.s:978    .debug_str:0000000000000392 .LASF32
     /tmp/ccCtbbri.s:910    .debug_str:000000000000002f .LASF34
     /tmp/ccCtbbri.s:992    .debug_str:000000000000043c .LASF28
     /tmp/ccCtbbri.s:922    .debug_str:00000000000000a2 .LASF30
     /tmp/ccCtbbri.s:950    .debug_str:000000000000026d .LASF29
     /tmp/ccCtbbri.s:984    .debug_str:00000000000003b9 .LASF31
     /tmp/ccCtbbri.s:980    .debug_str:000000000000039f .LASF33
     /tmp/ccCtbbri.s:986    .debug_str:00000000000003f9 .LASF35
     /tmp/ccCtbbri.s:914    .debug_str:0000000000000066 .LASF36
     /tmp/ccCtbbri.s:976    .debug_str:0000000000000368 .LASF37
     /tmp/ccCtbbri.s:944    .debug_str:0000000000000243 .LASF48
     /tmp/ccCtbbri.s:15     .text:0000000000000000 .LFB0
     /tmp/ccCtbbri.s:63     .text:0000000000000064 .LFE0
     /tmp/ccCtbbri.s:30     .text:0000000000000018 .LVL0
     /tmp/ccCtbbri.s:35     .text:0000000000000024 .LVL1
     /tmp/ccCtbbri.s:40     .text:0000000000000034 .LVL2
     /tmp/ccCtbbri.s:45     .text:0000000000000040 .LVL3
     /tmp/ccCtbbri.s:50     .text:0000000000000050 .LVL4
     /tmp/ccCtbbri.s:912    .debug_str:0000000000000054 .LASF38
     /tmp/ccCtbbri.s:964    .debug_str:00000000000002fe .LASF40
     /tmp/ccCtbbri.s:930    .debug_str:0000000000000122 .LASF39
     /tmp/ccCtbbri.s:996    .debug_str:0000000000000451 .LASF41
     /tmp/ccCtbbri.s:70     .debug_info:0000000000000000 .Ldebug_info0

UNDEFINED SYMBOLS
_ZN15MemoryAllocator11getInstanceEv
_Z12printIntegerm
_Z11printStringPKc
